<?xml version="1.0" encoding="UTF-8"?>
<!-- Generated by org.testng.reporters.JUnitXMLReporter -->
<testsuite ignored="4" hostname="IN-LP-229" failures="2" tests="8" name="Test" time="12.977" errors="0" timestamp="2023-11-22T10:25:14 IST">
  <testcase classname="testCases.loginPageTC" name="loginTC_05" time="0.343"/>
  <testcase classname="testCases.herokuTestCase" name="Basic_Auth_Checking" time="5.048"/>
  <testcase classname="testCases.herokuTestCase" name="Broken_Image_Checking" time="4.956">
    <failure type="java.lang.AssertionError" message="expected [0] but found [1]">
      <![CDATA[java.lang.AssertionError: expected [0] but found [1]
at pages.herokuApp.brokenImage(herokuApp.java:56)
at testCases.herokuTestCase.Broken_Image_Checking(herokuTestCase.java:21)
at java.base/java.util.ArrayList.forEach(ArrayList.java:1511)
... Removed 34 stack frames]]>
    </failure>
  </testcase> <!-- Broken_Image_Checking -->
  <testcase classname="testCases.herokuTestCase" name="checkbox_checking" time="0.431"/>
  <testcase classname="testCases.herokuTestCase" name="contextAlert" time="0.541"/>
  <testcase classname="testCases.herokuTestCase" name="dragAndDrop" time="0.751"/>
  <testcase classname="testCases.herokuTestCase" name="dropDown" time="0.447"/>
  <testcase classname="testCases.herokuTestCase" name="handling_Ad" time="0.411">
    <failure type="org.openqa.selenium.ElementNotInteractableException" message="element not interactable
  (Session info: chrome=119.0.6045.160)
Build info: version: &amp;apos;4.15.0&amp;apos;, revision: &amp;apos;1d14b5521b&amp;apos;
System info: os.name: &amp;apos;Windows 11&amp;apos;, os.arch: &amp;apos;amd64&amp;apos;, os.version: &amp;apos;10.0&amp;apos;, java.version: &amp;apos;17.0.7&amp;apos;
Driver info: org.openqa.selenium.chrome.ChromeDriver
Command: [8588f1492cb62dfa7976e4579d52518a, clickElement {id=6EBACA6475E90F014C8AF97765AB501F_element_47}]
Capabilities {acceptInsecureCerts: false, browserName: chrome, browserVersion: 119.0.6045.160, chrome: {chromedriverVersion: 119.0.6045.105 (38c72552c5e..., userDataDir: C:\Users\ARAVIN~1.PAN\AppDa...}, fedcm:accounts: true, goog:chromeOptions: {debuggerAddress: localhost:63644}, networkConnectionEnabled: false, pageLoadStrategy: normal, platformName: windows, proxy: Proxy(), se:cdp: ws://localhost:63644/devtoo..., se:cdpVersion: 119.0.6045.160, setWindowRect: true, strictFileInteractability: false, timeouts: {implicit: 0, pageLoad: 300000, script: 30000}, unhandledPromptBehavior: dismiss and notify, webauthn:extension:credBlob: true, webauthn:extension:largeBlob: true, webauthn:extension:minPinLength: true, webauthn:extension:prf: true, webauthn:virtualAuthenticators: true}
Element: [[ChromeDriver: chrome on windows (8588f1492cb62dfa7976e4579d52518a)] -&amp;gt; xpath: //p[text()=&amp;apos;Close&amp;apos;]]
Session ID: 8588f1492cb62dfa7976e4579d52518a">
      <![CDATA[org.openqa.selenium.ElementNotInteractableException: element not interactable
  (Session info: chrome=119.0.6045.160)
Build info: version: '4.15.0', revision: '1d14b5521b'
System info: os.name: 'Windows 11', os.arch: 'amd64', os.version: '10.0', java.version: '17.0.7'
Driver info: org.openqa.selenium.chrome.ChromeDriver
Command: [8588f1492cb62dfa7976e4579d52518a, clickElement {id=6EBACA6475E90F014C8AF97765AB501F_element_47}]
Capabilities {acceptInsecureCerts: false, browserName: chrome, browserVersion: 119.0.6045.160, chrome: {chromedriverVersion: 119.0.6045.105 (38c72552c5e..., userDataDir: C:\Users\ARAVIN~1.PAN\AppDa...}, fedcm:accounts: true, goog:chromeOptions: {debuggerAddress: localhost:63644}, networkConnectionEnabled: false, pageLoadStrategy: normal, platformName: windows, proxy: Proxy(), se:cdp: ws://localhost:63644/devtoo..., se:cdpVersion: 119.0.6045.160, setWindowRect: true, strictFileInteractability: false, timeouts: {implicit: 0, pageLoad: 300000, script: 30000}, unhandledPromptBehavior: dismiss and notify, webauthn:extension:credBlob: true, webauthn:extension:largeBlob: true, webauthn:extension:minPinLength: true, webauthn:extension:prf: true, webauthn:virtualAuthenticators: true}
Element: [[ChromeDriver: chrome on windows (8588f1492cb62dfa7976e4579d52518a)] -> xpath: //p[text()='Close']]
Session ID: 8588f1492cb62dfa7976e4579d52518a
at org.openqa.selenium.remote.codec.w3c.W3CHttpResponseCodec.createException(W3CHttpResponseCodec.java:200)
at org.openqa.selenium.remote.codec.w3c.W3CHttpResponseCodec.decode(W3CHttpResponseCodec.java:133)
at org.openqa.selenium.remote.codec.w3c.W3CHttpResponseCodec.decode(W3CHttpResponseCodec.java:52)
at org.openqa.selenium.remote.HttpCommandExecutor.execute(HttpCommandExecutor.java:191)
at org.openqa.selenium.remote.service.DriverCommandExecutor.invokeExecute(DriverCommandExecutor.java:200)
at org.openqa.selenium.remote.service.DriverCommandExecutor.execute(DriverCommandExecutor.java:175)
at org.openqa.selenium.remote.RemoteWebDriver.execute(RemoteWebDriver.java:607)
at org.openqa.selenium.remote.RemoteWebElement.execute(RemoteWebElement.java:224)
at org.openqa.selenium.remote.RemoteWebElement.click(RemoteWebElement.java:77)
at pages.herokuApp.handling_ad(herokuApp.java:104)
at testCases.herokuTestCase.handling_Ad(herokuTestCase.java:55)
at java.base/java.util.ArrayList.forEach(ArrayList.java:1511)
... Removed 32 stack frames]]>
    </failure>
  </testcase> <!-- handling_Ad -->
  <testcase classname="testCases.loginPageTC" name="loginTC_01" time="0.0">
    <ignored/>
  </testcase> <!-- loginTC_01 -->
  <testcase classname="testCases.loginPageTC" name="loginTC_02" time="0.0">
    <ignored/>
  </testcase> <!-- loginTC_02 -->
  <testcase classname="testCases.loginPageTC" name="loginTC_03" time="0.0">
    <ignored/>
  </testcase> <!-- loginTC_03 -->
  <testcase classname="testCases.loginPageTC" name="loginTC_04" time="0.0">
    <ignored/>
  </testcase> <!-- loginTC_04 -->
</testsuite> <!-- Test -->
